app/build/outputs/logs/manifest-merger-debug-report.txt
-- Merging decision tree log ---
manifest
ADDED from src\main\AndroidManifest.xml:2:1-50:12
INJECTED from src\main\AndroidManifest.xml:2:1-50:12
INJECTED from src\main\AndroidManifest.xml:2:1-50:12
INJECTED from src\main\AndroidManifest.xml:2:1-50:12
MERGED from [com.firebaseui:firebase-ui-auth:5.0.0] AndroidManifest.xml:2:1-109:12
MERGED from [com.google.android.material:material:1.0.0] AndroidManifest.xml:17:1-24:12
MERGED from [me.srodrigo:androidhintspinner:1.0.0] AndroidManifest.xml:2:1-16:12
MERGED from [com.github.ganfra:material-spinner:2.0.0] AndroidManifest.xml:2:1-10:12
MERGED from [me.zhanghai.android.materialprogressbar:library:1.4.2] AndroidManifest.xml:6:1-16:12
MERGED from [androidx.appcompat:appcompat:1.0.2] AndroidManifest.xml:17:1-22:12
MERGED from [androidx.browser:browser:1.0.0] AndroidManifest.xml:17:1-22:12
MERGED from [com.firebaseui:firebase-ui-database:5.0.0] AndroidManifest.xml:2:1-13:12
MERGED from [com.firebaseui:firebase-ui-firestore:5.0.0] AndroidManifest.xml:2:1-13:12
MERGED from [com.firebaseui:firebase-ui-storage:5.0.0] AndroidManifest.xml:2:1-11:12
MERGED from [androidx.legacy:legacy-support-v4:1.0.0] AndroidManifest.xml:17:1-22:12
MERGED from [com.google.firebase:firebase-core:17.0.1] AndroidManifest.xml:2:1-9:12
MERGED from [com.google.firebase:firebase-database:18.0.1] AndroidManifest.xml:15:1-38:12
MERGED from [androidx.constraintlayout:constraintlayout:1.1.3] AndroidManifest.xml:2:1-11:12
MERGED from [com.google.android.gms:play-services-maps:16.0.0] AndroidManifest.xml:17:1-32:12
MERGED from [de.hdodenhof:circleimageview:2.2.0] AndroidManifest.xml:2:1-11:12
MERGED from [com.google.firebase:firebase-storage:18.1.1] AndroidManifest.xml:15:1-39:12
MERGED from [com.google.firebase:firebase-auth:18.1.0] AndroidManifest.xml:17:1-42:12
MERGED from [com.synnapps:carouselview:0.1.5] AndroidManifest.xml:2:1-16:12
MERGED from [com.jakewharton:butterknife:10.1.0] AndroidManifest.xml:2:1-7:12
MERGED from [com.github.bumptech.glide:glide:4.9.0] AndroidManifest.xml:2:1-12:12
MERGED from [com.google.android.gms:play-services-location:17.0.0] AndroidManifest.xml:2:1-9:12
MERGED from [com.google.firebase:firebase-firestore:19.0.0] AndroidManifest.xml:2:1-24:12
MERGED from [com.google.firebase:firebase-auth-interop:18.0.0] AndroidManifest.xml:2:1-10:12
MERGED from [com.google.android.gms:play-services-auth:16.0.1] AndroidManifest.xml:17:1-39:12
MERGED from [com.google.android.gms:play-services-auth-api-phone:16.0.0] AndroidManifest.xml:2:1-7:12
MERGED from [com.google.android.gms:play-services-auth-base:16.0.0] AndroidManifest.xml:2:1-7:12
MERGED from [com.google.firebase:firebase-analytics:17.0.0] AndroidManifest.xml:2:1-9:12
MERGED from [com.google.android.gms:play-services-measurement-api:17.0.0] AndroidManifest.xml:17:1-36:12
MERGED from [com.google.firebase:firebase-iid:19.0.0] AndroidManifest.xml:17:1-47:12
MERGED from [com.google.firebase:firebase-iid-interop:17.0.0] AndroidManifest.xml:2:1-10:12
MERGED from [com.google.android.gms:play-services-base:17.0.0] AndroidManifest.xml:17:1-29:12
MERGED from [com.google.firebase:firebase-common:18.0.0] AndroidManifest.xml:2:1-19:12
MERGED from [com.google.android.gms:play-services-tasks:17.0.0] AndroidManifest.xml:2:1-9:12
MERGED from [com.google.android.gms:play-services-places-placereport:17.0.0] AndroidManifest.xml:17:1-24:12
MERGED from [com.google.android.gms:play-services-measurement:17.0.0] AndroidManifest.xml:17:1-55:12
MERGED from [com.google.android.gms:play-services-measurement-sdk:17.0.0] AndroidManifest.xml:17:1-25:12
MERGED from [com.google.android.gms:play-services-measurement-impl:17.0.0] AndroidManifest.xml:17:1-40:12
MERGED from [com.google.android.gms:play-services-measurement-sdk-api:17.0.0] AndroidManifest.xml:17:1-40:12
MERGED from [com.google.android.gms:play-services-measurement-base:17.0.0] AndroidManifest.xml:2:1-9:12
MERGED from [com.google.android.gms:play-services-stats:17.0.0] AndroidManifest.xml:2:1-9:12
MERGED from [com.google.firebase:firebase-measurement-connector:18.0.0] AndroidManifest.xml:17:1-25:12
MERGED from [com.google.android.gms:play-services-ads-identifier:17.0.0] AndroidManifest.xml:17:1-24:12
MERGED from [com.google.android.gms:play-services-basement:17.0.0] AndroidManifest.xml:17:1-28:12
MERGED from [androidx.lifecycle:lifecycle-extensions:2.0.0] AndroidManifest.xml:17:1-25:12
MERGED from [androidx.fragment:fragment:1.0.0] AndroidManifest.xml:17:1-22:12
MERGED from [androidx.vectordrawable:vectordrawable-animated:1.0.0] AndroidManifest.xml:17:1-22:12
MERGED from [androidx.recyclerview:recyclerview:1.0.0] AndroidManifest.xml:17:1-22:12
MERGED from [androidx.legacy:legacy-support-core-ui:1.0.0] AndroidManifest.xml:17:1-22:12
MERGED from [androidx.legacy:legacy-support-core-utils:1.0.0] AndroidManifest.xml:17:1-22:12
MERGED from [androidx.vectordrawable:vectordrawable:1.0.1] AndroidManifest.xml:17:1-22:12
MERGED from [androidx.transition:transition:1.0.0] AndroidManifest.xml:17:1-22:12
MERGED from [androidx.media:media:1.0.0] AndroidManifest.xml:17:1-22:12
MERGED from [com.jakewharton:butterknife-runtime:10.1.0] AndroidManifest.xml:2:1-7:12
MERGED from [androidx.loader:loader:1.0.0] AndroidManifest.xml:17:1-22:12
MERGED from [androidx.viewpager:viewpager:1.0.0] AndroidManifest.xml:17:1-22:12
MERGED from [androidx.coordinatorlayout:coordinatorlayout:1.0.0] AndroidManifest.xml:17:1-22:12
MERGED from [androidx.drawerlayout:drawerlayout:1.0.0] AndroidManifest.xml:17:1-22:12
MERGED from [androidx.slidingpanelayout:slidingpanelayout:1.0.0] AndroidManifest.xml:17:1-22:12
MERGED from [androidx.customview:customview:1.0.0] AndroidManifest.xml:17:1-22:12
MERGED from [androidx.swiperefreshlayout:swiperefreshlayout:1.0.0] AndroidManifest.xml:17:1-22:12
MERGED from [androidx.asynclayoutinflater:asynclayoutinflater:1.0.0] AndroidManifest.xml:17:1-22:12
MERGED from [androidx.core:core:1.0.1] AndroidManifest.xml:17:1-24:12
MERGED from [androidx.versionedparcelable:versionedparcelable:1.0.0] AndroidManifest.xml:17:1-25:12
MERGED from [androidx.cursoradapter:cursoradapter:1.0.0] AndroidManifest.xml:17:1-22:12
MERGED from [androidx.cardview:cardview:1.0.0] AndroidManifest.xml:17:1-22:12
MERGED from [androidx.interpolator:interpolator:1.0.0] AndroidManifest.xml:17:1-22:12
MERGED from [androidx.localbroadcastmanager:localbroadcastmanager:1.0.0] AndroidManifest.xml:17:1-22:12
MERGED from [com.firebaseui:firebase-ui-common:5.0.0] AndroidManifest.xml:2:1-11:12
MERGED from [com.github.bumptech.glide:gifdecoder:4.9.0] AndroidManifest.xml:2:1-11:12
MERGED from [androidx.lifecycle:lifecycle-process:2.0.0] AndroidManifest.xml:17:1-30:12
MERGED from [androidx.lifecycle:lifecycle-service:2.0.0] AndroidManifest.xml:17:1-22:12
MERGED from [androidx.lifecycle:lifecycle-runtime:2.0.0] AndroidManifest.xml:17:1-22:12
MERGED from [androidx.documentfile:documentfile:1.0.0] AndroidManifest.xml:17:1-22:12
MERGED from [androidx.print:print:1.0.0] AndroidManifest.xml:17:1-22:12
MERGED from [androidx.lifecycle:lifecycle-viewmodel:2.0.0] AndroidManifest.xml:17:1-22:12
MERGED from [androidx.lifecycle:lifecycle-livedata:2.0.0] AndroidManifest.xml:17:1-22:12
MERGED from [androidx.lifecycle:lifecycle-livedata-core:2.0.0] AndroidManifest.xml:17:1-22:12
MERGED from [androidx.arch.core:core-runtime:2.0.0] AndroidManifest.xml:17:1-22:12
MERGED from [com.google.firebase:firebase-database-collection:17.0.0] AndroidManifest.xml:2:1-7:12
MERGED from [com.google.firebase:protolite-well-known-types:16.0.1] AndroidManifest.xml:2:1-11:12
MERGED from [io.grpc:grpc-android:1.16.1] AndroidManifest.xml:2:1-13:12
INJECTED from src\main\AndroidManifest.xml:2:1-50:12
INJECTED from src\main\AndroidManifest.xml:2:1-50:12
INJECTED from src\main\AndroidManifest.xml:2:1-50:12
	package
		ADDED from src\main\AndroidManifest.xml:4:5-43
		INJECTED from src\main\AndroidManifest.xml
		INJECTED from src\main\AndroidManifest.xml
	android:versionName
		INJECTED from src\main\AndroidManifest.xml
		ADDED from src\main\AndroidManifest.xml:2:1-50:12
		INJECTED from src\main\AndroidManifest.xml
	xmlns:dist
		ADDED from src\main\AndroidManifest.xml:3:5-61
	android:versionCode
		INJECTED from src\main\AndroidManifest.xml
		ADDED from src\main\AndroidManifest.xml:2:1-50:12
		INJECTED from src\main\AndroidManifest.xml
	xmlns:android
		ADDED from src\main\AndroidManifest.xml:2:11-69
uses-permission#android.permission.INTERNET
ADDED from src\main\AndroidManifest.xml:6:5-67
MERGED from [com.firebaseui:firebase-ui-auth:5.0.0] AndroidManifest.xml:13:5-67
MERGED from [com.firebaseui:firebase-ui-auth:5.0.0] AndroidManifest.xml:13:5-67
MERGED from [com.firebaseui:firebase-ui-database:5.0.0] AndroidManifest.xml:11:5-67
MERGED from [com.firebaseui:firebase-ui-database:5.0.0] AndroidManifest.xml:11:5-67
MERGED from [com.firebaseui:firebase-ui-firestore:5.0.0] AndroidManifest.xml:11:5-67
MERGED from [com.firebaseui:firebase-ui-firestore:5.0.0] AndroidManifest.xml:11:5-67
MERGED from [com.google.firebase:firebase-database:18.0.1] AndroidManifest.xml:26:5-67
MERGED from [com.google.firebase:firebase-database:18.0.1] AndroidManifest.xml:26:5-67
MERGED from [com.google.android.gms:play-services-maps:16.0.0] AndroidManifest.xml:24:5-67
MERGED from [com.google.android.gms:play-services-maps:16.0.0] AndroidManifest.xml:24:5-67
MERGED from [com.google.firebase:firebase-storage:18.1.1] AndroidManifest.xml:27:5-67
MERGED from [com.google.firebase:firebase-storage:18.1.1] AndroidManifest.xml:27:5-67
MERGED from [com.google.firebase:firebase-firestore:19.0.0] AndroidManifest.xml:14:5-67
MERGED from [com.google.firebase:firebase-firestore:19.0.0] AndroidManifest.xml:14:5-67
MERGED from [com.google.android.gms:play-services-measurement-api:17.0.0] AndroidManifest.xml:22:5-67
MERGED from [com.google.android.gms:play-services-measurement-api:17.0.0] AndroidManifest.xml:22:5-67
MERGED from [com.google.firebase:firebase-iid:19.0.0] AndroidManifest.xml:23:5-67
MERGED from [com.google.firebase:firebase-iid:19.0.0] AndroidManifest.xml:23:5-67
MERGED from [com.google.android.gms:play-services-measurement:17.0.0] AndroidManifest.xml:23:5-67
MERGED from [com.google.android.gms:play-services-measurement:17.0.0] AndroidManifest.xml:23:5-67
MERGED from [com.google.android.gms:play-services-measurement-impl:17.0.0] AndroidManifest.xml:23:5-67
MERGED from [com.google.android.gms:play-services-measurement-impl:17.0.0] AndroidManifest.xml:23:5-67
MERGED from [com.google.android.gms:play-services-measurement-sdk-api:17.0.0] AndroidManifest.xml:23:5-67
MERGED from [com.google.android.gms:play-services-measurement-sdk-api:17.0.0] AndroidManifest.xml:23:5-67
	android:name
		ADDED from src\main\AndroidManifest.xml:6:22-64
uses-permission#android.permission.ACCESS_NETWORK_STATE
ADDED from src\main\AndroidManifest.xml:7:5-79
MERGED from [com.firebaseui:firebase-ui-auth:5.0.0] AndroidManifest.xml:12:5-79
MERGED from [com.firebaseui:firebase-ui-auth:5.0.0] AndroidManifest.xml:12:5-79
MERGED from [com.google.firebase:firebase-database:18.0.1] AndroidManifest.xml:25:5-79
MERGED from [com.google.firebase:firebase-database:18.0.1] AndroidManifest.xml:25:5-79
MERGED from [com.google.android.gms:play-services-maps:16.0.0] AndroidManifest.xml:23:5-79
MERGED from [com.google.android.gms:play-services-maps:16.0.0] AndroidManifest.xml:23:5-79
MERGED from [com.google.firebase:firebase-storage:18.1.1] AndroidManifest.xml:26:5-79
MERGED from [com.google.firebase:firebase-storage:18.1.1] AndroidManifest.xml:26:5-79
MERGED from [com.google.firebase:firebase-firestore:19.0.0] AndroidManifest.xml:13:5-79
MERGED from [com.google.firebase:firebase-firestore:19.0.0] AndroidManifest.xml:13:5-79
MERGED from [com.google.android.gms:play-services-measurement-api:17.0.0] AndroidManifest.xml:23:5-79
MERGED from [com.google.android.gms:play-services-measurement-api:17.0.0] AndroidManifest.xml:23:5-79
MERGED from [com.google.firebase:firebase-iid:19.0.0] AndroidManifest.xml:22:5-79
MERGED from [com.google.firebase:firebase-iid:19.0.0] AndroidManifest.xml:22:5-79
MERGED from [com.google.android.gms:play-services-measurement:17.0.0] AndroidManifest.xml:24:5-79
MERGED from [com.google.android.gms:play-services-measurement:17.0.0] AndroidManifest.xml:24:5-79
MERGED from [com.google.android.gms:play-services-measurement-impl:17.0.0] AndroidManifest.xml:24:5-79
MERGED from [com.google.android.gms:play-services-measurement-impl:17.0.0] AndroidManifest.xml:24:5-79
MERGED from [com.google.android.gms:play-services-measurement-sdk-api:17.0.0] AndroidManifest.xml:24:5-79
MERGED from [com.google.android.gms:play-services-measurement-sdk-api:17.0.0] AndroidManifest.xml:24:5-79
MERGED from [io.grpc:grpc-android:1.16.1] AndroidManifest.xml:11:5-79
MERGED from [io.grpc:grpc-android:1.16.1] AndroidManifest.xml:11:5-79
	android:name
		ADDED from src\main\AndroidManifest.xml:7:22-76
uses-permission#android.permission.READ_PHONE_STATE
ADDED from src\main\AndroidManifest.xml:8:5-75
	android:name
		ADDED from src\main\AndroidManifest.xml:8:22-72
uses-permission#android.permission.ACCESS_COARSE_LOCATION
ADDED from src\main\AndroidManifest.xml:9:5-81
	android:name
		ADDED from src\main\AndroidManifest.xml:9:22-78
uses-permission#android.permission.ACCESS_FINE_LOCATION
ADDED from src\main\AndroidManifest.xml:10:5-79
	android:name
		ADDED from src\main\AndroidManifest.xml:10:22-76
dist:module
ADDED from src\main\AndroidManifest.xml:12:5-40
	dist:instant
		ADDED from src\main\AndroidManifest.xml:12:18-37
application
ADDED from src\main\AndroidManifest.xml:14:5-48:19
MERGED from [com.firebaseui:firebase-ui-auth:5.0.0] AndroidManifest.xml:15:5-107:19
MERGED from [com.firebaseui:firebase-ui-auth:5.0.0] AndroidManifest.xml:15:5-107:19
MERGED from [com.google.android.material:material:1.0.0] AndroidManifest.xml:22:5-20
MERGED from [com.google.android.material:material:1.0.0] AndroidManifest.xml:22:5-20
MERGED from [me.srodrigo:androidhintspinner:1.0.0] AndroidManifest.xml:11:5-14:19
MERGED from [me.srodrigo:androidhintspinner:1.0.0] AndroidManifest.xml:11:5-14:19
MERGED from [com.google.firebase:firebase-core:17.0.1] AndroidManifest.xml:7:5-20
MERGED from [com.google.firebase:firebase-core:17.0.1] AndroidManifest.xml:7:5-20
MERGED from [com.google.firebase:firebase-database:18.0.1] AndroidManifest.xml:28:5-36:19
MERGED from [com.google.firebase:firebase-database:18.0.1] AndroidManifest.xml:28:5-36:19
MERGED from [androidx.constraintlayout:constraintlayout:1.1.3] AndroidManifest.xml:9:5-20
MERGED from [androidx.constraintlayout:constraintlayout:1.1.3] AndroidManifest.xml:9:5-20
MERGED from [com.google.android.gms:play-services-maps:16.0.0] AndroidManifest.xml:30:5-20
MERGED from [com.google.android.gms:play-services-maps:16.0.0] AndroidManifest.xml:30:5-20
MERGED from [de.hdodenhof:circleimageview:2.2.0] AndroidManifest.xml:9:5-20
MERGED from [de.hdodenhof:circleimageview:2.2.0] AndroidManifest.xml:9:5-20
MERGED from [com.google.firebase:firebase-storage:18.1.1] AndroidManifest.xml:29:5-37:19
MERGED from [com.google.firebase:firebase-storage:18.1.1] AndroidManifest.xml:29:5-37:19
MERGED from [com.google.firebase:firebase-auth:18.1.0] AndroidManifest.xml:23:5-40:19
MERGED from [com.google.firebase:firebase-auth:18.1.0] AndroidManifest.xml:23:5-40:19
MERGED from [com.synnapps:carouselview:0.1.5] AndroidManifest.xml:11:5-14:19
MERGED from [com.synnapps:carouselview:0.1.5] AndroidManifest.xml:11:5-14:19
MERGED from [com.github.bumptech.glide:glide:4.9.0] AndroidManifest.xml:10:5-20
MERGED from [com.github.bumptech.glide:glide:4.9.0] AndroidManifest.xml:10:5-20
MERGED from [com.google.android.gms:play-services-location:17.0.0] AndroidManifest.xml:7:5-20
MERGED from [com.google.android.gms:play-services-location:17.0.0] AndroidManifest.xml:7:5-20
MERGED from [com.google.firebase:firebase-firestore:19.0.0] AndroidManifest.xml:16:5-22:19
MERGED from [com.google.firebase:firebase-firestore:19.0.0] AndroidManifest.xml:16:5-22:19
MERGED from [com.google.firebase:firebase-auth-interop:18.0.0] AndroidManifest.xml:7:5-8:19
MERGED from [com.google.firebase:firebase-auth-interop:18.0.0] AndroidManifest.xml:7:5-8:19
MERGED from [com.google.android.gms:play-services-auth:16.0.1] AndroidManifest.xml:22:5-37:19
MERGED from [com.google.android.gms:play-services-auth:16.0.1] AndroidManifest.xml:22:5-37:19
MERGED from [com.google.firebase:firebase-analytics:17.0.0] AndroidManifest.xml:7:5-20
MERGED from [com.google.firebase:firebase-analytics:17.0.0] AndroidManifest.xml:7:5-20
MERGED from [com.google.android.gms:play-services-measurement-api:17.0.0] AndroidManifest.xml:26:5-34:19
MERGED from [com.google.android.gms:play-services-measurement-api:17.0.0] AndroidManifest.xml:26:5-34:19
MERGED from [com.google.firebase:firebase-iid:19.0.0] AndroidManifest.xml:28:5-45:19
MERGED from [com.google.firebase:firebase-iid:19.0.0] AndroidManifest.xml:28:5-45:19
MERGED from [com.google.firebase:firebase-iid-interop:17.0.0] AndroidManifest.xml:7:5-8:19
MERGED from [com.google.firebase:firebase-iid-interop:17.0.0] AndroidManifest.xml:7:5-8:19
MERGED from [com.google.android.gms:play-services-base:17.0.0] AndroidManifest.xml:22:5-27:19
MERGED from [com.google.android.gms:play-services-base:17.0.0] AndroidManifest.xml:22:5-27:19
MERGED from [com.google.firebase:firebase-common:18.0.0] AndroidManifest.xml:11:5-17:19
MERGED from [com.google.firebase:firebase-common:18.0.0] AndroidManifest.xml:11:5-17:19
MERGED from [com.google.android.gms:play-services-tasks:17.0.0] AndroidManifest.xml:7:5-20
MERGED from [com.google.android.gms:play-services-tasks:17.0.0] AndroidManifest.xml:7:5-20
MERGED from [com.google.android.gms:play-services-places-placereport:17.0.0] AndroidManifest.xml:22:5-20
MERGED from [com.google.android.gms:play-services-places-placereport:17.0.0] AndroidManifest.xml:22:5-20
MERGED from [com.google.android.gms:play-services-measurement:17.0.0] AndroidManifest.xml:28:5-53:19
MERGED from [com.google.android.gms:play-services-measurement:17.0.0] AndroidManifest.xml:28:5-53:19
MERGED from [com.google.android.gms:play-services-measurement-sdk:17.0.0] AndroidManifest.xml:22:5-23:19
MERGED from [com.google.android.gms:play-services-measurement-sdk:17.0.0] AndroidManifest.xml:22:5-23:19
MERGED from [com.google.android.gms:play-services-measurement-impl:17.0.0] AndroidManifest.xml:28:5-38:19
MERGED from [com.google.android.gms:play-services-measurement-impl:17.0.0] AndroidManifest.xml:28:5-38:19
MERGED from [com.google.android.gms:play-services-measurement-sdk-api:17.0.0] AndroidManifest.xml:28:5-38:19
MERGED from [com.google.android.gms:play-services-measurement-sdk-api:17.0.0] AndroidManifest.xml:28:5-38:19
MERGED from [com.google.android.gms:play-services-measurement-base:17.0.0] AndroidManifest.xml:7:5-20
MERGED from [com.google.android.gms:play-services-measurement-base:17.0.0] AndroidManifest.xml:7:5-20
MERGED from [com.google.android.gms:play-services-stats:17.0.0] AndroidManifest.xml:7:5-20
MERGED from [com.google.android.gms:play-services-stats:17.0.0] AndroidManifest.xml:7:5-20
MERGED from [com.google.firebase:firebase-measurement-connector:18.0.0] AndroidManifest.xml:22:5-23:19
MERGED from [com.google.firebase:firebase-measurement-connector:18.0.0] AndroidManifest.xml:22:5-23:19
MERGED from [com.google.android.gms:play-services-ads-identifier:17.0.0] AndroidManifest.xml:22:5-20
MERGED from [com.google.android.gms:play-services-ads-identifier:17.0.0] AndroidManifest.xml:22:5-20
MERGED from [com.google.android.gms:play-services-basement:17.0.0] AndroidManifest.xml:22:5-26:19
MERGED from [com.google.android.gms:play-services-basement:17.0.0] AndroidManifest.xml:22:5-26:19
MERGED from [androidx.lifecycle:lifecycle-extensions:2.0.0] AndroidManifest.xml:22:5-23:19
MERGED from [androidx.lifecycle:lifecycle-extensions:2.0.0] AndroidManifest.xml:22:5-23:19
MERGED from [androidx.core:core:1.0.1] AndroidManifest.xml:22:5-89
MERGED from [androidx.core:core:1.0.1] AndroidManifest.xml:22:5-89
MERGED from [androidx.versionedparcelable:versionedparcelable:1.0.0] AndroidManifest.xml:22:5-23:19
MERGED from [androidx.versionedparcelable:versionedparcelable:1.0.0] AndroidManifest.xml:22:5-23:19
MERGED from [com.github.bumptech.glide:gifdecoder:4.9.0] AndroidManifest.xml:9:5-20
MERGED from [com.github.bumptech.glide:gifdecoder:4.9.0] AndroidManifest.xml:9:5-20
MERGED from [androidx.lifecycle:lifecycle-process:2.0.0] AndroidManifest.xml:22:5-28:19
MERGED from [androidx.lifecycle:lifecycle-process:2.0.0] AndroidManifest.xml:22:5-28:19
	android:appComponentFactory
		ADDED from [androidx.core:core:1.0.1] AndroidManifest.xml:22:18-86
	android:supportsRtl
		ADDED from src\main\AndroidManifest.xml:19:9-35
	android:label
		ADDED from src\main\AndroidManifest.xml:17:9-41
	android:roundIcon
		ADDED from src\main\AndroidManifest.xml:18:9-43
	android:icon
		ADDED from src\main\AndroidManifest.xml:16:9-38
	android:allowBackup
		ADDED from src\main\AndroidManifest.xml:15:9-35
	android:theme
		ADDED from src\main\AndroidManifest.xml:20:9-40
activity#com.example.vetservefirebase.ServiceProvider.ProviderProfileActivity
ADDED from src\main\AndroidManifest.xml:21:9-22:68
	android:theme
		ADDED from src\main\AndroidManifest.xml:22:13-56
	android:name
		ADDED from src\main\AndroidManifest.xml:21:19-74
meta-data#com.google.android.geo.API_KEY
ADDED from src\main\AndroidManifest.xml:24:9-26:71
	android:value
		ADDED from src\main\AndroidManifest.xml:26:13-68
	android:name
		ADDED from src\main\AndroidManifest.xml:25:13-58
activity#com.example.vetservefirebase.LocateClinic
ADDED from src\main\AndroidManifest.xml:28:9-50
	android:name
		ADDED from src\main\AndroidManifest.xml:28:19-47
activity#com.example.vetservefirebase.ServiceProvider.ServiceProvidersList
ADDED from src\main\AndroidManifest.xml:29:9-30:58
	android:theme
		ADDED from src\main\AndroidManifest.xml:30:13-56
	android:name
		ADDED from src\main\AndroidManifest.xml:29:19-71
activity#com.example.vetservefirebase.PetOwnerProfile.ChangePasswordActivity
ADDED from src\main\AndroidManifest.xml:31:9-32:58
	android:theme
		ADDED from src\main\AndroidManifest.xml:32:13-56
	android:name
		ADDED from src\main\AndroidManifest.xml:31:19-73
activity#com.example.vetservefirebase.AddPet.AddPetActivity
ADDED from src\main\AndroidManifest.xml:33:9-35:59
	android:theme
		ADDED from src\main\AndroidManifest.xml:35:13-56
	android:name
		ADDED from src\main\AndroidManifest.xml:34:13-50
activity#com.example.vetservefirebase.SignUp.SignUpActivity
ADDED from src\main\AndroidManifest.xml:36:9-59
	android:name
		ADDED from src\main\AndroidManifest.xml:36:19-56
activity#com.example.vetservefirebase.SignUp.Personal_Information
ADDED from src\main\AndroidManifest.xml:37:9-65
	android:name
		ADDED from src\main\AndroidManifest.xml:37:19-62
activity#com.example.vetservefirebase.SignIn.SignInActivity
ADDED from src\main\AndroidManifest.xml:38:9-59
	android:name
		ADDED from src\main\AndroidManifest.xml:38:19-56
activity#com.example.vetservefirebase.MainActivity
ADDED from src\main\AndroidManifest.xml:39:9-47:20
	android:theme
		ADDED from src\main\AndroidManifest.xml:41:13-56
	android:name
		ADDED from src\main\AndroidManifest.xml:40:13-41
intent-filter#action:name:android.intent.action.MAIN+category:name:android.intent.category.LAUNCHER
ADDED from src\main\AndroidManifest.xml:42:13-46:29
action#android.intent.action.MAIN
ADDED from src\main\AndroidManifest.xml:43:17-69
	android:name
		ADDED from src\main\AndroidManifest.xml:43:25-66
category#android.intent.category.LAUNCHER
ADDED from src\main\AndroidManifest.xml:45:17-77
	android:name
		ADDED from src\main\AndroidManifest.xml:45:27-74
uses-sdk
INJECTED from src\main\AndroidManifest.xml reason: use-sdk injection requested
INJECTED from src\main\AndroidManifest.xml
INJECTED from src\main\AndroidManifest.xml
MERGED from [com.firebaseui:firebase-ui-auth:5.0.0] AndroidManifest.xml:8:5-10:41
MERGED from [com.firebaseui:firebase-ui-auth:5.0.0] AndroidManifest.xml:8:5-10:41
MERGED from [com.google.android.material:material:1.0.0] AndroidManifest.xml:20:5-44
MERGED from [com.google.android.material:material:1.0.0] AndroidManifest.xml:20:5-44
MERGED from [me.srodrigo:androidhintspinner:1.0.0] AndroidManifest.xml:7:5-9:41
MERGED from [me.srodrigo:androidhintspinner:1.0.0] AndroidManifest.xml:7:5-9:41
MERGED from [com.github.ganfra:material-spinner:2.0.0] AndroidManifest.xml:6:5-8:41
MERGED from [com.github.ganfra:material-spinner:2.0.0] AndroidManifest.xml:6:5-8:41
MERGED from [me.zhanghai.android.materialprogressbar:library:1.4.2] AndroidManifest.xml:12:5-14:41
MERGED from [me.zhanghai.android.materialprogressbar:library:1.4.2] AndroidManifest.xml:12:5-14:41
MERGED from [androidx.appcompat:appcompat:1.0.2] AndroidManifest.xml:20:5-44
MERGED from [androidx.appcompat:appcompat:1.0.2] AndroidManifest.xml:20:5-44
MERGED from [androidx.browser:browser:1.0.0] AndroidManifest.xml:20:5-44
MERGED from [androidx.browser:browser:1.0.0] AndroidManifest.xml:20:5-44
MERGED from [com.firebaseui:firebase-ui-database:5.0.0] AndroidManifest.xml:7:5-9:41
MERGED from [com.firebaseui:firebase-ui-database:5.0.0] AndroidManifest.xml:7:5-9:41
MERGED from [com.firebaseui:firebase-ui-firestore:5.0.0] AndroidManifest.xml:7:5-9:41
MERGED from [com.firebaseui:firebase-ui-firestore:5.0.0] AndroidManifest.xml:7:5-9:41
MERGED from [com.firebaseui:firebase-ui-storage:5.0.0] AndroidManifest.xml:7:5-9:41
MERGED from [com.firebaseui:firebase-ui-storage:5.0.0] AndroidManifest.xml:7:5-9:41
MERGED from [androidx.legacy:legacy-support-v4:1.0.0] AndroidManifest.xml:20:5-44
MERGED from [androidx.legacy:legacy-support-v4:1.0.0] AndroidManifest.xml:20:5-44
MERGED from [com.google.firebase:firebase-core:17.0.1] AndroidManifest.xml:5:5-44
MERGED from [com.google.firebase:firebase-core:17.0.1] AndroidManifest.xml:5:5-44
MERGED from [com.google.firebase:firebase-database:18.0.1] AndroidManifest.xml:19:5-21:41
MERGED from [com.google.firebase:firebase-database:18.0.1] AndroidManifest.xml:19:5-21:41
MERGED from [androidx.constraintlayout:constraintlayout:1.1.3] AndroidManifest.xml:5:5-7:41
MERGED from [androidx.constraintlayout:constraintlayout:1.1.3] AndroidManifest.xml:5:5-7:41
MERGED from [com.google.android.gms:play-services-maps:16.0.0] AndroidManifest.xml:20:5-44
MERGED from [com.google.android.gms:play-services-maps:16.0.0] AndroidManifest.xml:20:5-44
MERGED from [de.hdodenhof:circleimageview:2.2.0] AndroidManifest.xml:5:5-7:41
MERGED from [de.hdodenhof:circleimageview:2.2.0] AndroidManifest.xml:5:5-7:41
MERGED from [com.google.firebase:firebase-storage:18.1.1] AndroidManifest.xml:20:5-22:41
MERGED from [com.google.firebase:firebase-storage:18.1.1] AndroidManifest.xml:20:5-22:41
MERGED from [com.google.firebase:firebase-auth:18.1.0] AndroidManifest.xml:21:5-44
MERGED from [com.google.firebase:firebase-auth:18.1.0] AndroidManifest.xml:21:5-44
MERGED from [com.synnapps:carouselview:0.1.5] AndroidManifest.xml:7:5-9:41
MERGED from [com.synnapps:carouselview:0.1.5] AndroidManifest.xml:7:5-9:41
MERGED from [com.jakewharton:butterknife:10.1.0] AndroidManifest.xml:5:5-44
MERGED from [com.jakewharton:butterknife:10.1.0] AndroidManifest.xml:5:5-44
MERGED from [com.github.bumptech.glide:glide:4.9.0] AndroidManifest.xml:6:5-8:41
MERGED from [com.github.bumptech.glide:glide:4.9.0] AndroidManifest.xml:6:5-8:41
MERGED from [com.google.android.gms:play-services-location:17.0.0] AndroidManifest.xml:5:5-44
MERGED from [com.google.android.gms:play-services-location:17.0.0] AndroidManifest.xml:5:5-44
MERGED from [com.google.firebase:firebase-firestore:19.0.0] AndroidManifest.xml:7:5-9:41
MERGED from [com.google.firebase:firebase-firestore:19.0.0] AndroidManifest.xml:7:5-9:41
MERGED from [com.google.firebase:firebase-auth-interop:18.0.0] AndroidManifest.xml:5:5-44
MERGED from [com.google.firebase:firebase-auth-interop:18.0.0] AndroidManifest.xml:5:5-44
MERGED from [com.google.android.gms:play-services-auth:16.0.1] AndroidManifest.xml:20:5-44
MERGED from [com.google.android.gms:play-services-auth:16.0.1] AndroidManifest.xml:20:5-44
MERGED from [com.google.android.gms:play-services-auth-api-phone:16.0.0] AndroidManifest.xml:5:5-44
MERGED from [com.google.android.gms:play-services-auth-api-phone:16.0.0] AndroidManifest.xml:5:5-44
MERGED from [com.google.android.gms:play-services-auth-base:16.0.0] AndroidManifest.xml:5:5-44
MERGED from [com.google.android.gms:play-services-auth-base:16.0.0] AndroidManifest.xml:5:5-44
MERGED from [com.google.firebase:firebase-analytics:17.0.0] AndroidManifest.xml:5:5-44
MERGED from [com.google.firebase:firebase-analytics:17.0.0] AndroidManifest.xml:5:5-44
MERGED from [com.google.android.gms:play-services-measurement-api:17.0.0] AndroidManifest.xml:20:5-44
MERGED from [com.google.android.gms:play-services-measurement-api:17.0.0] AndroidManifest.xml:20:5-44
MERGED from [com.google.firebase:firebase-iid:19.0.0] AndroidManifest.xml:20:5-44
MERGED from [com.google.firebase:firebase-iid:19.0.0] AndroidManifest.xml:20:5-44
MERGED from [com.google.firebase:firebase-iid-interop:17.0.0] AndroidManifest.xml:5:5-44
MERGED from [com.google.firebase:firebase-iid-interop:17.0.0] AndroidManifest.xml:5:5-44
MERGED from [com.google.android.gms:play-services-base:17.0.0] AndroidManifest.xml:20:5-44
MERGED from [com.google.android.gms:play-services-base:17.0.0] AndroidManifest.xml:20:5-44
MERGED from [com.google.firebase:firebase-common:18.0.0] AndroidManifest.xml:6:5-8:41
MERGED from [com.google.firebase:firebase-common:18.0.0] AndroidManifest.xml:6:5-8:41
MERGED from [com.google.android.gms:play-services-tasks:17.0.0] AndroidManifest.xml:5:5-44
MERGED from [com.google.android.gms:play-services-tasks:17.0.0] AndroidManifest.xml:5:5-44
MERGED from [com.google.android.gms:play-services-places-placereport:17.0.0] AndroidManifest.xml:20:5-44
MERGED from [com.google.android.gms:play-services-places-placereport:17.0.0] AndroidManifest.xml:20:5-44
MERGED from [com.google.android.gms:play-services-measurement:17.0.0] AndroidManifest.xml:20:5-44